  
 Krome initialized
  
--------------------------------------------------------------------------------
[ion_fractions]
  repository           = /cral4/simulations/P13-20h-1Mpc-MUSIC/Zoom-7-10508/SPHINX_run/
  snapnum              =   107
  repo_restart         = .
  snap_restart         =    12
  output_path          = /cral/mauerhofer/simu_jeremy/ions/no_rad/output_00107/
  verbose              = T
--------------------------------------------------------------------------------
[ramses]
  star_reading_method  = default             
  star_info_file       = .
  t_sne_Myr       =  1.000E+01
  eta_sn          =  2.000E-01
  self_shielding       = F
  ramses_rt            = T
  read_rt_variables    = T
  use_initial_mass     = T
  cosmo                = T
  use_proper_time      = T
  QuadHilbert          = F
  verbose              = T
  itemp                =  5
  imetal               =  6
  ihii                 =  7
  iheii                =  8
  iheiii               =  9
  iGamma1              = 11
[spectra]
  sed_dir               = /home/cral/mauerhofer/seds/bpass100/
  nSEDgroups            =     3
  group_decomp          =  1.360E+01  2.459E+01  5.442E+01  1.000E+05
  verbose               = T
[master]
  verbose        = T
 
[worker]
  verbose        = T
 
 --> Working with Nworker =          12
 --> Starting master/workers pattern
  
 [master] Number of cpu used in the simulation :          576
 csn (nSEDgroups * nIons)
   4.2260923867602358E-018   5.2988649407617876E-019
   6.2059187454985000E-019   5.3222169891182272E-019
   5.5824776683769391E-019   4.5207018018672544E-019
 [master] time to initialize =        0.004 seconds.
 [w00001] begins computation of file 00001
 [w00006] begins computation of file 00006
 [w00007] begins computation of file 00007
 [w00008] begins computation of file 00008
 [w00009] begins computation of file 00009
 [w00010] begins computation of file 00010
 [w00011] begins computation of file 00011
 [w00012] begins computation of file 00012
 [w00002] begins computation of file 00002
 [w00003] begins computation of file 00003
 [w00004] begins computation of file 00004
 [w00005] begins computation of file 00005
 No restart file found, so continuing without restart file
 No restart file found, so continuing without restart file
 No restart file found, so continuing without restart file
 No restart file found, so continuing without restart file
 No restart file found, so continuing without restart file
 No restart file found, so continuing without restart file
 No restart file found, so continuing without restart file
 No restart file found, so continuing without restart file
 No restart file found, so continuing without restart file
 No restart file found, so continuing without restart file
 No restart file found, so continuing without restart file
 No restart file found, so continuing without restart file
 nvar :           22
 [w00012] time to compute file 00012 =     9.692000 seconds.
 [w00012] begins computation of file 00013
 [w00007] time to compute file 00007 =     9.660000 seconds.
 [w00007] begins computation of file 00014
 [w00010] time to compute file 00010 =    23.732000 seconds.
 [w00010] begins computation of file 00015
 [w00008] time to compute file 00008 =    44.484000 seconds.
 [w00008] begins computation of file 00016
 [w00012] time to compute file 00013 =    59.428000 seconds.
 [w00012] begins computation of file 00017
 [w00008] time to compute file 00016 =    41.760000 seconds.
 [w00008] begins computation of file 00018
 [master] number of files done =        6 ( 1.0 %)
 [w00011] time to compute file 00011 =    94.248000 seconds.
 [w00011] begins computation of file 00019
 [w00010] time to compute file 00015 =    87.344000 seconds.
 [w00010] begins computation of file 00020
 [w00011] time to compute file 00019 =    14.804000 seconds.
 [w00011] begins computation of file 00021
 [w00007] time to compute file 00014 =   100.428000 seconds.
 [w00007] begins computation of file 00022
 [w00009] time to compute file 00009 =   109.312000 seconds.
 [w00009] begins computation of file 00023
 [w00010] time to compute file 00020 =    11.584000 seconds.
 [w00010] begins computation of file 00024
 [w00008] time to compute file 00018 =    45.672000 seconds.
 [w00008] begins computation of file 00025
 [w00011] time to compute file 00021 =    15.076000 seconds.
 [w00011] begins computation of file 00026
 [w00007] time to compute file 00022 =    16.388000 seconds.
 [w00007] begins computation of file 00027
 [w00008] time to compute file 00025 =     5.228000 seconds.
 [w00008] begins computation of file 00028
 [w00007] time to compute file 00027 =     6.068000 seconds.
 [w00007] begins computation of file 00029
 [w00010] time to compute file 00024 =    14.072000 seconds.
 [w00010] begins computation of file 00030
 [master] number of files done =       18 ( 3.1 %)
 [w00011] time to compute file 00026 =    10.616000 seconds.
 [w00011] begins computation of file 00031
 [w00012] time to compute file 00017 =    70.548000 seconds.
 [w00012] begins computation of file 00032
 [w00008] time to compute file 00028 =    10.724000 seconds.
 [w00008] begins computation of file 00033
 [w00011] time to compute file 00031 =     7.736000 seconds.
 [w00011] begins computation of file 00034
 [w00009] time to compute file 00023 =    36.096000 seconds.
 [w00009] begins computation of file 00035
 [w00010] time to compute file 00030 =    15.788000 seconds.
 [w00010] begins computation of file 00036
 [w00006] time to compute file 00006 =   146.336000 seconds.
 [w00006] begins computation of file 00037
 [w00008] time to compute file 00033 =    12.260000 seconds.
 [w00008] begins computation of file 00038
 [w00012] time to compute file 00032 =    17.188000 seconds.
 [w00012] begins computation of file 00039
 [w00009] time to compute file 00035 =     9.336000 seconds.
 [w00009] begins computation of file 00040
 [w00006] time to compute file 00037 =     3.728000 seconds.
 [w00006] begins computation of file 00041
 [w00010] time to compute file 00036 =     5.460000 seconds.
 [w00010] begins computation of file 00042
 [master] number of files done =       30 ( 5.2 %)
 [w00011] time to compute file 00034 =    14.540000 seconds.
 [w00011] begins computation of file 00043
 [w00002] time to compute file 00002 =   153.024000 seconds.
 [w00002] begins computation of file 00044
 [w00007] time to compute file 00029 =    27.524000 seconds.
 [w00007] begins computation of file 00045
 [w00006] time to compute file 00041 =     4.948000 seconds.
 [w00006] begins computation of file 00046
 [w00008] time to compute file 00038 =    11.128000 seconds.
 [w00008] begins computation of file 00047
 [w00010] time to compute file 00042 =     7.244000 seconds.
 [w00010] begins computation of file 00048
 [w00009] time to compute file 00040 =     9.868000 seconds.
 [w00009] begins computation of file 00049
 [w00010] time to compute file 00048 =     4.200000 seconds.
 [w00010] begins computation of file 00050
 [w00012] time to compute file 00039 =    15.564000 seconds.
 [w00012] begins computation of file 00051
 [w00006] time to compute file 00046 =     7.576000 seconds.
 [w00006] begins computation of file 00052
 [w00011] time to compute file 00043 =    12.948000 seconds.
 [w00011] begins computation of file 00053
 [w00007] time to compute file 00045 =    11.048000 seconds.
 [w00007] begins computation of file 00054
 [master] number of files done =       42 ( 7.3 %)
 [w00008] time to compute file 00047 =     7.144000 seconds.
 [w00008] begins computation of file 00055
 [w00006] time to compute file 00052 =     4.912000 seconds.
 [w00006] begins computation of file 00056
 [w00008] time to compute file 00055 =     4.608000 seconds.
 [w00008] begins computation of file 00057
 [w00007] time to compute file 00054 =     4.908000 seconds.
 [w00007] begins computation of file 00058
 [w00009] time to compute file 00049 =    10.376000 seconds.
 [w00009] begins computation of file 00059
 [w00010] time to compute file 00050 =     8.596000 seconds.
 [w00010] begins computation of file 00060
 [w00002] time to compute file 00044 =    17.280000 seconds.
 [w00002] begins computation of file 00061
 [w00012] time to compute file 00051 =     8.600000 seconds.
 [w00012] begins computation of file 00062
 [w00006] time to compute file 00056 =     4.128000 seconds.
 [w00006] begins computation of file 00063
 [w00011] time to compute file 00053 =     7.904000 seconds.
 [w00011] begins computation of file 00064
 [w00008] time to compute file 00057 =     4.580000 seconds.
 [w00008] begins computation of file 00065
 [w00011] time to compute file 00064 =     2.212000 seconds.
 [w00011] begins computation of file 00066
 [master] number of files done =       54 ( 9.4 %)
 [w00002] time to compute file 00061 =     3.704000 seconds.
 [w00002] begins computation of file 00067
 [w00009] time to compute file 00059 =     4.636000 seconds.
 [w00009] begins computation of file 00068
 [w00010] time to compute file 00060 =     4.548000 seconds.
 [w00010] begins computation of file 00069
 [w00006] time to compute file 00063 =     3.664000 seconds.
 [w00006] begins computation of file 00070
 [w00007] time to compute file 00058 =     6.060000 seconds.
 [w00007] begins computation of file 00071
 [w00012] time to compute file 00062 =     4.364000 seconds.
 [w00012] begins computation of file 00072
 [w00011] time to compute file 00066 =     1.444000 seconds.
 [w00011] begins computation of file 00073
 [w00002] time to compute file 00067 =     1.956000 seconds.
 [w00002] begins computation of file 00074
 [w00008] time to compute file 00065 =     2.728000 seconds.
 [w00008] begins computation of file 00075
 [w00010] time to compute file 00069 =     2.876000 seconds.
 [w00010] begins computation of file 00076
 [w00009] time to compute file 00068 =     3.768000 seconds.
 [w00009] begins computation of file 00077
 [w00007] time to compute file 00071 =     3.588000 seconds.
 [w00007] begins computation of file 00078
 [master] number of files done =       66 (11.5 %)
 [w00006] time to compute file 00070 =     3.860000 seconds.
 [w00006] begins computation of file 00079
 [w00011] time to compute file 00073 =     3.348000 seconds.
 [w00011] begins computation of file 00080
 [w00012] time to compute file 00072 =     4.344000 seconds.
 [w00012] begins computation of file 00081
 [w00010] time to compute file 00076 =     2.980000 seconds.
 [w00010] begins computation of file 00082
 [w00008] time to compute file 00075 =     5.340000 seconds.
 [w00008] begins computation of file 00083
 [w00009] time to compute file 00077 =     4.088000 seconds.
 [w00009] begins computation of file 00084
 [w00002] time to compute file 00074 =     5.992000 seconds.
 [w00002] begins computation of file 00085
 [w00006] time to compute file 00079 =     4.128000 seconds.
 [w00006] begins computation of file 00086
 [w00012] time to compute file 00081 =     4.328000 seconds.
 [w00012] begins computation of file 00087
 [w00011] time to compute file 00080 =     5.684000 seconds.
 [w00011] begins computation of file 00088
 [w00010] time to compute file 00082 =     4.232000 seconds.
 [w00010] begins computation of file 00089
 [w00009] time to compute file 00084 =     3.080000 seconds.
 [w00009] begins computation of file 00090
 [master] number of files done =       78 (13.5 %)
 [w00002] time to compute file 00085 =     3.252000 seconds.
 [w00002] begins computation of file 00091
 [w00007] time to compute file 00078 =     6.900000 seconds.
 [w00007] begins computation of file 00092
 [w00008] time to compute file 00083 =     4.156000 seconds.
 [w00008] begins computation of file 00093
 [w00012] time to compute file 00087 =     3.260000 seconds.
 [w00012] begins computation of file 00094
 [w00006] time to compute file 00086 =     4.000000 seconds.
 [w00006] begins computation of file 00095
 [w00009] time to compute file 00090 =     1.748000 seconds.
 [w00009] begins computation of file 00096
 [w00011] time to compute file 00088 =     2.932000 seconds.
 [w00011] begins computation of file 00097
 [w00010] time to compute file 00089 =     3.364000 seconds.
 [w00010] begins computation of file 00098
 [w00002] time to compute file 00091 =     3.432000 seconds.
 [w00002] begins computation of file 00099
 [w00008] time to compute file 00093 =     3.428000 seconds.
 [w00008] begins computation of file 00100
 [w00007] time to compute file 00092 =     4.116000 seconds.
 [w00007] begins computation of file 00101
 [master] number of files done =       90 (15.6 %)
 [w00006] time to compute file 00095 =     3.796000 seconds.
 [w00006] begins computation of file 00102
 [w00012] time to compute file 00094 =     4.596000 seconds.
 [w00012] begins computation of file 00103
 [w00003] time to compute file 00003 =   191.328000 seconds.
 [w00003] begins computation of file 00104
 [w00011] time to compute file 00097 =     4.396000 seconds.
 [w00011] begins computation of file 00105
 [w00009] time to compute file 00096 =     4.864000 seconds.
 [w00009] begins computation of file 00106
 [w00008] time to compute file 00100 =     3.696000 seconds.
 [w00008] begins computation of file 00107
 [w00010] time to compute file 00098 =     4.940000 seconds.
 [w00010] begins computation of file 00108
 [w00007] time to compute file 00101 =     3.464000 seconds.
 [w00007] begins computation of file 00109
 [w00012] time to compute file 00103 =     2.372000 seconds.
 [w00012] begins computation of file 00110
 [w00002] time to compute file 00099 =     5.300000 seconds.
 [w00002] begins computation of file 00111
 [w00006] time to compute file 00102 =     3.516000 seconds.
 [w00006] begins computation of file 00112
 krome_equilibrium: Did not converge in    39458280.758189611       years.
 file, Tgas, nHI, nHII :          109   28089.971978046648        3.1911421263877232E-004   25.342903671601437     
 [w00003] time to compute file 00104 =     3.040000 seconds.
 [w00003] begins computation of file 00113
 [w00011] time to compute file 00105 =     3.028000 seconds.
 [w00011] begins computation of file 00114
 [master] number of files done =      102 (17.7 %)
 [w00009] time to compute file 00106 =     3.116000 seconds.
 [w00009] begins computation of file 00115
 [w00008] time to compute file 00107 =     2.504000 seconds.
 [w00008] begins computation of file 00116
 [w00007] time to compute file 00109 =     2.352000 seconds.
 [w00007] begins computation of file 00117
 [w00010] time to compute file 00108 =     2.652000 seconds.
 [w00010] begins computation of file 00118
 [w00006] time to compute file 00112 =     1.620000 seconds.
 [w00006] begins computation of file 00119
 [w00012] time to compute file 00110 =     2.052000 seconds.
 [w00012] begins computation of file 00120
 [w00003] time to compute file 00113 =     2.180000 seconds.
 [w00003] begins computation of file 00121
 [w00002] time to compute file 00111 =     3.480000 seconds.
 [w00002] begins computation of file 00122
 [w00011] time to compute file 00114 =     2.796000 seconds.
 [w00011] begins computation of file 00123
 [w00009] time to compute file 00115 =     2.748000 seconds.
 [w00009] begins computation of file 00124
 [w00008] time to compute file 00116 =     2.432000 seconds.
 [w00008] begins computation of file 00125
 [master] number of files done =      114 (19.8 %)
 [w00012] time to compute file 00120 =     2.524000 seconds.
 [w00012] begins computation of file 00126
 [w00010] time to compute file 00118 =     3.048000 seconds.
 [w00010] begins computation of file 00127
 [w00007] time to compute file 00117 =     3.256000 seconds.
 [w00007] begins computation of file 00128
 [w00006] time to compute file 00119 =     2.888000 seconds.
 [w00006] begins computation of file 00129
 [w00003] time to compute file 00121 =     3.596000 seconds.
 [w00003] begins computation of file 00130
 [w00011] time to compute file 00123 =     3.796000 seconds.
 [w00011] begins computation of file 00131
 [w00009] time to compute file 00124 =     3.796000 seconds.
 [w00009] begins computation of file 00132
 [w00002] time to compute file 00122 =     4.148000 seconds.
 [w00002] begins computation of file 00133
 [w00008] time to compute file 00125 =     4.740000 seconds.
 [w00008] begins computation of file 00134
 [w00012] time to compute file 00126 =     4.616000 seconds.
 [w00012] begins computation of file 00135
 [w00003] time to compute file 00130 =     5.108000 seconds.
 [w00003] begins computation of file 00136
 [w00010] time to compute file 00127 =     6.748000 seconds.
 [w00010] begins computation of file 00137
 [master] number of files done =      126 (21.9 %)
 [w00007] time to compute file 00128 =     7.396000 seconds.
 [w00007] begins computation of file 00138
 [w00006] time to compute file 00129 =     8.248000 seconds.
 [w00006] begins computation of file 00139
 [w00002] time to compute file 00133 =     5.896000 seconds.
 [w00002] begins computation of file 00140
 [w00012] time to compute file 00135 =     4.484000 seconds.
 [w00012] begins computation of file 00141
 [w00008] time to compute file 00134 =     5.056000 seconds.
 [w00008] begins computation of file 00142
 [w00011] time to compute file 00131 =     7.272000 seconds.
 [w00011] begins computation of file 00143
 [w00009] time to compute file 00132 =     7.524000 seconds.
 [w00009] begins computation of file 00144
 [w00007] time to compute file 00138 =     3.388000 seconds.
 [w00007] begins computation of file 00145
 [w00003] time to compute file 00136 =     4.572000 seconds.
 [w00003] begins computation of file 00146
 [w00010] time to compute file 00137 =     6.460000 seconds.
 [w00010] begins computation of file 00147
 [w00002] time to compute file 00140 =     4.424000 seconds.
 [w00002] begins computation of file 00148
 [w00006] time to compute file 00139 =     5.504000 seconds.
 [w00006] begins computation of file 00149
 [w00009] time to compute file 00144 =     4.160000 seconds.
 [w00009] begins computation of file 00150
 [master] number of files done =      138 (24.0 %)
 [w00012] time to compute file 00141 =     5.636000 seconds.
 [w00012] begins computation of file 00151
 [w00007] time to compute file 00145 =     4.404000 seconds.
 [w00007] begins computation of file 00152
 [w00008] time to compute file 00142 =     7.408000 seconds.
 [w00008] begins computation of file 00153
 [w00003] time to compute file 00146 =     4.892000 seconds.
 [w00003] begins computation of file 00154
 [w00011] time to compute file 00143 =     7.460000 seconds.
 [w00011] begins computation of file 00155
 [w00006] time to compute file 00149 =     3.836000 seconds.
 [w00006] begins computation of file 00156
 [w00002] time to compute file 00148 =     4.652000 seconds.
 [w00002] begins computation of file 00157
 [w00009] time to compute file 00150 =     4.044000 seconds.
 [w00009] begins computation of file 00158
 [w00010] time to compute file 00147 =     6.260000 seconds.
 [w00010] begins computation of file 00159
 [w00003] time to compute file 00154 =     3.664000 seconds.
 [w00003] begins computation of file 00160
 [w00012] time to compute file 00151 =     5.608000 seconds.
 [w00012] begins computation of file 00161
 [w00007] time to compute file 00152 =     5.392000 seconds.
 [w00007] begins computation of file 00162
 [master] number of files done =      150 (26.0 %)
 [w00006] time to compute file 00156 =     3.196000 seconds.
 [w00006] begins computation of file 00163
 [w00009] time to compute file 00158 =     2.992000 seconds.
 [w00009] begins computation of file 00164
 [w00008] time to compute file 00153 =     5.336000 seconds.
 [w00008] begins computation of file 00165
 [w00003] time to compute file 00160 =     2.208000 seconds.
 [w00003] begins computation of file 00166
 [w00010] time to compute file 00159 =     3.688000 seconds.
 [w00010] begins computation of file 00167
 [w00002] time to compute file 00157 =     5.284000 seconds.
 [w00002] begins computation of file 00168
 [w00007] time to compute file 00162 =     2.900000 seconds.
 [w00007] begins computation of file 00169
 [w00012] time to compute file 00161 =     3.336000 seconds.
 [w00012] begins computation of file 00170
 [w00011] time to compute file 00155 =     6.684000 seconds.
 [w00011] begins computation of file 00171
 [w00006] time to compute file 00163 =     3.504000 seconds.
 [w00006] begins computation of file 00172
 [w00009] time to compute file 00164 =     3.208000 seconds.
 [w00009] begins computation of file 00173
 [w00008] time to compute file 00165 =     3.236000 seconds.
 [w00008] begins computation of file 00174
 [master] number of files done =      162 (28.1 %)
 [w00003] time to compute file 00166 =     3.216000 seconds.
 [w00003] begins computation of file 00175
 [w00010] time to compute file 00167 =     3.412000 seconds.
 [w00010] begins computation of file 00176
 [w00012] time to compute file 00170 =     3.056000 seconds.
 [w00012] begins computation of file 00177
 [w00002] time to compute file 00168 =     3.856000 seconds.
 [w00002] begins computation of file 00178
 [w00007] time to compute file 00169 =     4.004000 seconds.
 [w00007] begins computation of file 00179
 [w00011] time to compute file 00171 =     4.124000 seconds.
 [w00011] begins computation of file 00180
 [w00008] time to compute file 00174 =     4.056000 seconds.
 [w00008] begins computation of file 00181
 [w00003] time to compute file 00175 =     3.576000 seconds.
 [w00003] begins computation of file 00182
 [w00006] time to compute file 00172 =     4.856000 seconds.
 [w00006] begins computation of file 00183
 [w00010] time to compute file 00176 =     2.772000 seconds.
 [w00010] begins computation of file 00184
 [w00009] time to compute file 00173 =     4.928000 seconds.
 [w00009] begins computation of file 00185
 [w00012] time to compute file 00177 =     3.896000 seconds.
 [w00012] begins computation of file 00186
 [master] number of files done =      174 (30.2 %)
 [w00002] time to compute file 00178 =     4.020000 seconds.
 [w00002] begins computation of file 00187
 [w00011] time to compute file 00180 =     4.376000 seconds.
 [w00011] begins computation of file 00188
 [w00007] time to compute file 00179 =     4.748000 seconds.
 [w00007] begins computation of file 00189
 [w00003] time to compute file 00182 =     4.232000 seconds.
 [w00003] begins computation of file 00190
 [w00008] time to compute file 00181 =     4.756000 seconds.
 [w00008] begins computation of file 00191
 [w00006] time to compute file 00183 =     5.800000 seconds.
 [w00006] begins computation of file 00192
 [w00010] time to compute file 00184 =     6.632000 seconds.
 [w00010] begins computation of file 00193
 [w00008] time to compute file 00191 =     3.284000 seconds.
 [w00008] begins computation of file 00194
 [w00007] time to compute file 00189 =     4.752000 seconds.
 [w00007] begins computation of file 00195
 [w00002] time to compute file 00187 =     7.256000 seconds.
 [w00002] begins computation of file 00196
 [w00011] time to compute file 00188 =     6.432000 seconds.
 [w00011] begins computation of file 00197
 [master] number of files done =      186 (32.3 %)
 [w00003] time to compute file 00190 =     5.412000 seconds.
 [w00003] begins computation of file 00198
 [w00006] time to compute file 00192 =     4.096000 seconds.
 [w00006] begins computation of file 00199
 [w00009] time to compute file 00185 =    11.524000 seconds.
 [w00009] begins computation of file 00200
 [w00012] time to compute file 00186 =    11.256000 seconds.
 [w00012] begins computation of file 00201
 [w00010] time to compute file 00193 =     6.044000 seconds.
 [w00010] begins computation of file 00202
 [w00011] time to compute file 00197 =     5.448000 seconds.
 [w00011] begins computation of file 00203
 [w00008] time to compute file 00194 =     7.328000 seconds.
 [w00008] begins computation of file 00204
 [w00003] time to compute file 00198 =     5.692000 seconds.
 [w00003] begins computation of file 00205
 [w00007] time to compute file 00195 =     7.476000 seconds.
 [w00007] begins computation of file 00206
 [w00006] time to compute file 00199 =     5.980000 seconds.
 [w00006] begins computation of file 00207
 [w00002] time to compute file 00196 =     7.708000 seconds.
 [w00002] begins computation of file 00208
 [w00010] time to compute file 00202 =     4.124000 seconds.
 [w00010] begins computation of file 00209
 [w00011] time to compute file 00203 =     3.464000 seconds.
 [w00011] begins computation of file 00210
 [master] number of files done =      198 (34.4 %)
 [w00003] time to compute file 00205 =     3.580000 seconds.
 [w00003] begins computation of file 00211
 [w00007] time to compute file 00206 =     4.316000 seconds.
 [w00007] begins computation of file 00212
 [w00008] time to compute file 00204 =     4.776000 seconds.
 [w00008] begins computation of file 00213
 [w00006] time to compute file 00207 =     4.044000 seconds.
 [w00006] begins computation of file 00214
 [w00002] time to compute file 00208 =     5.232000 seconds.
 [w00002] begins computation of file 00215
 [w00010] time to compute file 00209 =     5.308000 seconds.
 [w00010] begins computation of file 00216
 [w00012] time to compute file 00201 =    11.584000 seconds.
 [w00012] begins computation of file 00217
 [w00003] time to compute file 00211 =     5.036000 seconds.
 [w00003] begins computation of file 00218
 [w00011] time to compute file 00210 =     5.764000 seconds.
 [w00011] begins computation of file 00219
 [w00009] time to compute file 00200 =    17.136000 seconds.
 [w00009] begins computation of file 00220
 [w00010] time to compute file 00216 =     9.352000 seconds.
 [w00010] begins computation of file 00221
 [master] number of files done =      210 (36.5 %)
 [w00008] time to compute file 00213 =    12.568000 seconds.
 [w00008] begins computation of file 00222
 [w00007] time to compute file 00212 =    13.184000 seconds.
 [w00007] begins computation of file 00223
 [w00002] time to compute file 00215 =    12.056000 seconds.
 [w00002] begins computation of file 00224
 [w00012] time to compute file 00217 =    13.112000 seconds.
 [w00012] begins computation of file 00225
 [w00006] time to compute file 00214 =    18.152000 seconds.
 [w00006] begins computation of file 00226
 [w00003] time to compute file 00218 =    15.264000 seconds.
 [w00003] begins computation of file 00227
 [w00006] time to compute file 00226 =     3.352000 seconds.
 [w00006] begins computation of file 00228
 [w00007] time to compute file 00223 =    11.152000 seconds.
 [w00007] begins computation of file 00229
 [w00009] time to compute file 00220 =    17.384000 seconds.
 [w00009] begins computation of file 00230
 [w00011] time to compute file 00219 =    27.432000 seconds.
 [w00011] begins computation of file 00231
 [w00012] time to compute file 00225 =    14.648000 seconds.
 [w00012] begins computation of file 00232
 [w00007] time to compute file 00229 =     9.192000 seconds.
 [w00007] begins computation of file 00233
 [w00010] time to compute file 00221 =    21.216000 seconds.
 [w00010] begins computation of file 00234
 [master] number of files done =      222 (38.5 %)
 [w00002] time to compute file 00224 =    25.008000 seconds.
 [w00002] begins computation of file 00235
 [w00006] time to compute file 00228 =    17.392000 seconds.
 [w00006] begins computation of file 00236
 [w00007] time to compute file 00233 =     6.224000 seconds.
 [w00007] begins computation of file 00237
 [w00003] time to compute file 00227 =    20.332000 seconds.
 [w00003] begins computation of file 00238
 [w00010] time to compute file 00234 =     8.264000 seconds.
 [w00010] begins computation of file 00239
 [w00008] time to compute file 00222 =    31.328000 seconds.
 [w00008] begins computation of file 00240
 [w00012] time to compute file 00232 =    13.028000 seconds.
 [w00012] begins computation of file 00241
 [w00006] time to compute file 00236 =     7.584000 seconds.
 [w00006] begins computation of file 00242
 [w00003] time to compute file 00238 =     8.384000 seconds.
 [w00003] begins computation of file 00243
 [w00009] time to compute file 00230 =    23.272000 seconds.
 [w00009] begins computation of file 00244
 [w00007] time to compute file 00237 =    11.184000 seconds.
 [w00007] begins computation of file 00245
 [w00002] time to compute file 00235 =    24.072000 seconds.
 [w00002] begins computation of file 00246
 [master] number of files done =      234 (40.6 %)
 [w00010] time to compute file 00239 =    22.484000 seconds.
 [w00010] begins computation of file 00247
 [w00009] time to compute file 00244 =    17.948000 seconds.
 [w00009] begins computation of file 00248
 [w00007] time to compute file 00245 =    17.812000 seconds.
 [w00007] begins computation of file 00249
 [w00002] time to compute file 00246 =     8.080000 seconds.
 [w00002] begins computation of file 00250
 [w00010] time to compute file 00247 =     8.172000 seconds.
 [w00010] begins computation of file 00251
 [w00010] time to compute file 00251 =     5.148000 seconds.
 [w00010] begins computation of file 00252
 [w00011] time to compute file 00231 =    49.788000 seconds.
 [w00011] begins computation of file 00253
 [w00010] time to compute file 00252 =     5.520000 seconds.
 [w00010] begins computation of file 00254
 [w00004] time to compute file 00004 =   327.296000 seconds.
 [w00004] begins computation of file 00255
 [w00010] time to compute file 00254 =     5.328000 seconds.
 [w00010] begins computation of file 00256
 [w00002] time to compute file 00250 =    18.020000 seconds.
 [w00002] begins computation of file 00257
 [master] number of files done =      246 (42.7 %)
 [w00005] time to compute file 00005 =   333.424000 seconds.
 [w00005] begins computation of file 00258
 [w00012] time to compute file 00241 =    45.784000 seconds.
 [w00012] begins computation of file 00259
 [w00011] time to compute file 00253 =     9.152000 seconds.
 [w00011] begins computation of file 00260
 [w00004] time to compute file 00255 =     7.024000 seconds.
 [w00004] begins computation of file 00261
 [w00009] time to compute file 00248 =    24.832000 seconds.
 [w00009] begins computation of file 00262
 [w00002] time to compute file 00257 =     4.300000 seconds.
 [w00002] begins computation of file 00263
 [w00005] time to compute file 00258 =     3.912000 seconds.
 [w00005] begins computation of file 00264
 [w00001] time to compute file 00001 =   338.236000 seconds.
 [w00001] begins computation of file 00265
 [w00007] time to compute file 00249 =    25.632000 seconds.
 [w00007] begins computation of file 00266
 [w00012] time to compute file 00259 =     5.144000 seconds.
 [w00012] begins computation of file 00267
 [w00004] time to compute file 00261 =     6.120000 seconds.
 [w00004] begins computation of file 00268
 [w00011] time to compute file 00260 =     6.688000 seconds.
 [w00011] begins computation of file 00269
 [w00008] time to compute file 00240 =    54.640000 seconds.
 [w00008] begins computation of file 00270
 [master] number of files done =      258 (44.8 %)
 [w00001] time to compute file 00265 =     3.712000 seconds.
 [w00001] begins computation of file 00271
 [w00002] time to compute file 00263 =     5.088000 seconds.
 [w00002] begins computation of file 00272
 [w00007] time to compute file 00266 =     4.324000 seconds.
 [w00007] begins computation of file 00273
 [w00012] time to compute file 00267 =     3.660000 seconds.
 [w00012] begins computation of file 00274
 [w00010] time to compute file 00256 =    12.228000 seconds.
 [w00010] begins computation of file 00275
 [w00005] time to compute file 00264 =     6.832000 seconds.
 [w00005] begins computation of file 00276
 [w00004] time to compute file 00268 =     4.344000 seconds.
 [w00004] begins computation of file 00277
 [w00008] time to compute file 00270 =     4.408000 seconds.
 [w00008] begins computation of file 00278
 [w00009] time to compute file 00262 =     9.932000 seconds.
 [w00009] begins computation of file 00279
 [w00002] time to compute file 00272 =     4.932000 seconds.
 [w00002] begins computation of file 00280
 [w00006] time to compute file 00242 =    57.444000 seconds.
 [w00006] begins computation of file 00281
 [w00001] time to compute file 00271 =     6.432000 seconds.
 [w00001] begins computation of file 00282
 [master] number of files done =      270 (46.9 %)
 [w00007] time to compute file 00273 =     4.768000 seconds.
 [w00007] begins computation of file 00283
 [w00011] time to compute file 00269 =     8.264000 seconds.
 [w00011] begins computation of file 00284
 [w00004] time to compute file 00277 =     6.304000 seconds.
 [w00004] begins computation of file 00285
 [w00001] time to compute file 00282 =     3.888000 seconds.
 [w00001] begins computation of file 00286
 [w00005] time to compute file 00276 =     7.852000 seconds.
 [w00005] begins computation of file 00287
 [w00010] time to compute file 00275 =     9.352000 seconds.
 [w00010] begins computation of file 00288
 [w00012] time to compute file 00274 =    10.684000 seconds.
 [w00012] begins computation of file 00289
 [w00003] time to compute file 00243 =    62.280000 seconds.
 [w00003] begins computation of file 00290
 [w00002] time to compute file 00280 =     7.760000 seconds.
 [w00002] begins computation of file 00291
 [w00011] time to compute file 00284 =     5.788000 seconds.
 [w00011] begins computation of file 00292
 [w00007] time to compute file 00283 =     9.240000 seconds.
 [w00007] begins computation of file 00293
 [w00001] time to compute file 00286 =     6.480000 seconds.
 [w00001] begins computation of file 00294
 [master] number of files done =      282 (49.0 %)
 [w00004] time to compute file 00285 =     7.836000 seconds.
 [w00004] begins computation of file 00295
 [w00012] time to compute file 00289 =     6.980000 seconds.
 [w00012] begins computation of file 00296
 [w00003] time to compute file 00290 =     7.576000 seconds.
 [w00003] begins computation of file 00297
 [w00006] time to compute file 00281 =    14.432000 seconds.
 [w00006] begins computation of file 00298
 [w00001] time to compute file 00294 =     4.384000 seconds.
 [w00001] begins computation of file 00299
 [w00007] time to compute file 00293 =     7.560000 seconds.
 [w00007] begins computation of file 00300
 [w00012] time to compute file 00296 =     5.832000 seconds.
 [w00012] begins computation of file 00301
 [w00002] time to compute file 00291 =    13.120000 seconds.
 [w00002] begins computation of file 00302
 [w00011] time to compute file 00292 =    13.136000 seconds.
 [w00011] begins computation of file 00303
 [w00004] time to compute file 00295 =     9.920000 seconds.
 [w00004] begins computation of file 00304
 [w00008] time to compute file 00278 =    23.572000 seconds.
 [w00008] begins computation of file 00305
 [w00001] time to compute file 00299 =     7.280000 seconds.
 [w00001] begins computation of file 00306
 [master] number of files done =      294 (51.0 %)
 [w00003] time to compute file 00297 =     9.824000 seconds.
 [w00003] begins computation of file 00307
 [w00010] time to compute file 00288 =    21.400000 seconds.
 [w00010] begins computation of file 00308
 [w00005] time to compute file 00287 =    24.968000 seconds.
 [w00005] begins computation of file 00309
 [w00009] time to compute file 00279 =    31.552000 seconds.
 [w00009] begins computation of file 00310
 [w00006] time to compute file 00298 =    26.116000 seconds.
 [w00006] begins computation of file 00311
 [w00007] time to compute file 00300 =    39.912000 seconds.
 [w00007] begins computation of file 00312
 [w00003] time to compute file 00307 =    36.284000 seconds.
 [w00003] begins computation of file 00313
 [w00004] time to compute file 00304 =    59.852000 seconds.
 [w00004] begins computation of file 00314
 [w00005] time to compute file 00309 =    59.236000 seconds.
 [w00005] begins computation of file 00315
 [w00010] time to compute file 00308 =    60.468000 seconds.
 [w00010] begins computation of file 00316
 [w00001] time to compute file 00306 =    64.320000 seconds.
 [w00001] begins computation of file 00317
 [master] number of files done =      306 (53.1 %)
 [w00010] time to compute file 00316 =     7.568000 seconds.
 [w00010] begins computation of file 00318
 [w00002] time to compute file 00302 =    86.812000 seconds.
 [w00002] begins computation of file 00319
 [w00003] time to compute file 00313 =    53.384000 seconds.
 [w00003] begins computation of file 00320
 [w00008] time to compute file 00305 =    93.532000 seconds.
 [w00008] begins computation of file 00321
 [w00001] time to compute file 00317 =    35.940000 seconds.
 [w00001] begins computation of file 00322
 [w00012] time to compute file 00301 =   112.424000 seconds.
 [w00012] begins computation of file 00323
 [w00011] time to compute file 00303 =   109.540000 seconds.
 [w00011] begins computation of file 00324
 [w00011] time to compute file 00324 =     7.388000 seconds.
 [w00011] begins computation of file 00325
 [w00009] time to compute file 00310 =   111.516000 seconds.
 [w00009] begins computation of file 00326
 [w00005] time to compute file 00315 =    55.388000 seconds.
 [w00005] begins computation of file 00327
 [w00004] time to compute file 00314 =    61.064000 seconds.
 [w00004] begins computation of file 00328
 [w00005] time to compute file 00327 =     6.296000 seconds.
 [w00005] begins computation of file 00329
 [w00011] time to compute file 00325 =    12.220000 seconds.
 [w00011] begins computation of file 00330
 [master] number of files done =      318 (55.2 %)
 [w00009] time to compute file 00326 =    11.908000 seconds.
 [w00009] begins computation of file 00331
 [w00008] time to compute file 00321 =    36.104000 seconds.
 [w00008] begins computation of file 00332
 [w00004] time to compute file 00328 =    15.864000 seconds.
 [w00004] begins computation of file 00333
 [w00005] time to compute file 00329 =    11.140000 seconds.
 [w00005] begins computation of file 00334
 [w00001] time to compute file 00322 =    38.336000 seconds.
 [w00001] begins computation of file 00335
 [w00011] time to compute file 00330 =    11.432000 seconds.
 [w00011] begins computation of file 00336
 [w00006] time to compute file 00311 =   128.248000 seconds.
 [w00006] begins computation of file 00337
 [w00002] time to compute file 00319 =    59.848000 seconds.
 [w00002] begins computation of file 00338
 [w00002] time to compute file 00338 =     5.740000 seconds.
 [w00002] begins computation of file 00339
 [w00002] time to compute file 00339 =     4.164000 seconds.
 [w00002] begins computation of file 00340
 [w00010] time to compute file 00318 =    84.312000 seconds.
 [w00010] begins computation of file 00341
 [master] number of files done =      330 (57.3 %)
 [w00007] time to compute file 00312 =   130.196000 seconds.
 [w00007] begins computation of file 00342
 [w00003] time to compute file 00320 =    73.608000 seconds.
 [w00003] begins computation of file 00343
 [w00002] time to compute file 00340 =     7.788000 seconds.
 [w00002] begins computation of file 00344
 [w00010] time to compute file 00341 =    12.512000 seconds.
 [w00010] begins computation of file 00345
 [w00012] time to compute file 00323 =    65.252000 seconds.
 [w00012] begins computation of file 00346
 [w00009] time to compute file 00331 =    42.700000 seconds.
 [w00009] begins computation of file 00347
 [w00003] time to compute file 00343 =    13.056000 seconds.
 [w00003] begins computation of file 00348
 [w00001] time to compute file 00335 =    38.520000 seconds.
 [w00001] begins computation of file 00349
 [w00002] time to compute file 00344 =    14.988000 seconds.
 [w00002] begins computation of file 00350
 [w00011] time to compute file 00336 =    40.368000 seconds.
 [w00011] begins computation of file 00351
 [w00009] time to compute file 00347 =     9.056000 seconds.
 [w00009] begins computation of file 00352
 [w00007] time to compute file 00342 =    20.644000 seconds.
 [w00007] begins computation of file 00353
 [w00003] time to compute file 00348 =     6.720000 seconds.
 [w00003] begins computation of file 00354
 [master] number of files done =      342 (59.4 %)
 [w00008] time to compute file 00332 =    51.892000 seconds.
 [w00008] begins computation of file 00355
 [w00012] time to compute file 00346 =    12.712000 seconds.
 [w00012] begins computation of file 00356
 [w00011] time to compute file 00351 =     5.296000 seconds.
 [w00011] begins computation of file 00357
 [w00009] time to compute file 00352 =     5.864000 seconds.
 [w00009] begins computation of file 00358
 [w00003] time to compute file 00354 =     7.368000 seconds.
 [w00003] begins computation of file 00359
 [w00006] time to compute file 00337 =    49.636000 seconds.
 [w00006] begins computation of file 00360
 [w00001] time to compute file 00349 =    16.776000 seconds.
 [w00001] begins computation of file 00361
 [w00007] time to compute file 00353 =    20.688000 seconds.
 [w00007] begins computation of file 00362
 [w00010] time to compute file 00345 =    35.580000 seconds.
 [w00010] begins computation of file 00363
 [w00005] time to compute file 00334 =    67.264000 seconds.
 [w00005] begins computation of file 00364
 [w00002] time to compute file 00350 =    30.620000 seconds.
 [w00002] begins computation of file 00365
 [w00010] time to compute file 00363 =     6.440000 seconds.
 [w00010] begins computation of file 00366
 [master] number of files done =      354 (61.5 %)
 [w00008] time to compute file 00355 =    27.924000 seconds.
 [w00008] begins computation of file 00367
 [w00004] time to compute file 00333 =    87.812000 seconds.
 [w00004] begins computation of file 00368
 [w00008] time to compute file 00367 =    15.420000 seconds.
 [w00008] begins computation of file 00369
 [w00010] time to compute file 00366 =    17.912000 seconds.
 [w00010] begins computation of file 00370
 [w00010] time to compute file 00370 =     6.928000 seconds.
 [w00010] begins computation of file 00371
 [w00008] time to compute file 00369 =    13.592000 seconds.
 [w00008] begins computation of file 00372
 [w00010] time to compute file 00371 =     7.260000 seconds.
 [w00010] begins computation of file 00373
 [w00003] time to compute file 00359 =    56.596000 seconds.
 [w00003] begins computation of file 00374
 [w00008] time to compute file 00372 =     5.608000 seconds.
 [w00008] begins computation of file 00375
 [w00009] time to compute file 00358 =    59.612000 seconds.
 [w00009] begins computation of file 00376
 [w00012] time to compute file 00356 =    63.752000 seconds.
 [w00012] begins computation of file 00377
 [w00010] time to compute file 00373 =     4.896000 seconds.
 [w00010] begins computation of file 00378
 [master] number of files done =      366 (63.5 %)
 [w00011] time to compute file 00357 =    62.844000 seconds.
 [w00011] begins computation of file 00379
 [w00007] time to compute file 00362 =    46.056000 seconds.
 [w00007] begins computation of file 00380
 [w00003] time to compute file 00374 =     5.264000 seconds.
 [w00003] begins computation of file 00381
 [w00002] time to compute file 00365 =    44.064000 seconds.
 [w00002] begins computation of file 00382
 [w00004] time to compute file 00368 =    34.368000 seconds.
 [w00004] begins computation of file 00383
 [w00008] time to compute file 00375 =    12.124000 seconds.
 [w00008] begins computation of file 00384
 [w00008] time to compute file 00384 =     4.148000 seconds.
 [w00008] begins computation of file 00385
 [w00004] time to compute file 00383 =     6.696000 seconds.
 [w00004] begins computation of file 00386
 [w00010] time to compute file 00378 =    18.160000 seconds.
 [w00010] begins computation of file 00387
 [w00006] time to compute file 00360 =    76.032000 seconds.
 [w00006] begins computation of file 00388
 [w00008] time to compute file 00385 =     4.760000 seconds.
 [w00008] begins computation of file 00389
 [master] number of files done =      378 (65.6 %)
 [w00005] time to compute file 00364 =    62.460000 seconds.
 [w00005] begins computation of file 00390
 [w00012] time to compute file 00377 =    20.408000 seconds.
 [w00012] begins computation of file 00391
 [w00010] time to compute file 00387 =     5.744000 seconds.
 [w00010] begins computation of file 00392
 [w00004] time to compute file 00386 =     7.992000 seconds.
 [w00004] begins computation of file 00393
 [w00006] time to compute file 00388 =     5.984000 seconds.
 [w00006] begins computation of file 00394
 [w00008] time to compute file 00389 =     9.624000 seconds.
 [w00008] begins computation of file 00395
 [w00005] time to compute file 00390 =    10.212000 seconds.
 [w00005] begins computation of file 00396
 [w00009] time to compute file 00376 =    31.616000 seconds.
 [w00009] begins computation of file 00397
 [w00006] time to compute file 00394 =     5.140000 seconds.
 [w00006] begins computation of file 00398
 [w00001] time to compute file 00361 =    86.740000 seconds.
 [w00001] begins computation of file 00399
 [w00010] time to compute file 00392 =    10.176000 seconds.
 [w00010] begins computation of file 00400
 [w00008] time to compute file 00395 =     7.344000 seconds.
 [w00008] begins computation of file 00401
 [w00002] time to compute file 00382 =    35.164000 seconds.
 [w00002] begins computation of file 00402
 [master] number of files done =      390 (67.7 %)
 [w00005] time to compute file 00396 =    11.372000 seconds.
 [w00005] begins computation of file 00403
 [w00003] time to compute file 00381 =    41.576000 seconds.
 [w00003] begins computation of file 00404
 [w00003] time to compute file 00404 =     4.972000 seconds.
 [w00003] begins computation of file 00405
 [w00012] time to compute file 00391 =    34.640000 seconds.
 [w00012] begins computation of file 00406
 [w00005] time to compute file 00403 =    15.084000 seconds.
 [w00005] begins computation of file 00407
 [w00003] time to compute file 00405 =     6.788000 seconds.
 [w00003] begins computation of file 00408
 [w00002] time to compute file 00402 =    17.308000 seconds.
 [w00002] begins computation of file 00409
 [w00006] time to compute file 00398 =    28.336000 seconds.
 [w00006] begins computation of file 00410
 [w00004] time to compute file 00393 =    35.316000 seconds.
 [w00004] begins computation of file 00411
 [w00011] time to compute file 00379 =    58.868000 seconds.
 [w00011] begins computation of file 00412
 [w00009] time to compute file 00397 =    31.152000 seconds.
 [w00009] begins computation of file 00413
 [master] number of files done =      402 (69.8 %)
 [w00005] time to compute file 00407 =     5.252000 seconds.
 [w00005] begins computation of file 00414
 [w00012] time to compute file 00406 =    11.020000 seconds.
 [w00012] begins computation of file 00415
 [w00008] time to compute file 00401 =    32.188000 seconds.
 [w00008] begins computation of file 00416
 [w00007] time to compute file 00380 =    72.760000 seconds.
 [w00007] begins computation of file 00417
 [w00005] time to compute file 00414 =    46.684000 seconds.
 [w00005] begins computation of file 00418
 [w00003] time to compute file 00408 =    54.572000 seconds.
 [w00003] begins computation of file 00419
 [w00001] time to compute file 00399 =    88.936000 seconds.
 [w00001] begins computation of file 00420
 [w00009] time to compute file 00413 =    66.064000 seconds.
 [w00009] begins computation of file 00421
 [w00006] time to compute file 00410 =    73.472000 seconds.
 [w00006] begins computation of file 00422
 [w00002] time to compute file 00409 =    77.696000 seconds.
 [w00002] begins computation of file 00423
 [w00011] time to compute file 00412 =    82.588000 seconds.
 [w00011] begins computation of file 00424
 [w00002] time to compute file 00423 =    10.104000 seconds.
 [w00002] begins computation of file 00425
 [master] number of files done =      414 (71.9 %)
 [w00006] time to compute file 00422 =    24.540000 seconds.
 [w00006] begins computation of file 00426
 [w00010] time to compute file 00400 =   126.752000 seconds.
 [w00010] begins computation of file 00427
 [w00001] time to compute file 00420 =    83.492000 seconds.
 [w00001] begins computation of file 00428
 [w00009] time to compute file 00421 =    74.044000 seconds.
 [w00009] begins computation of file 00429
 [w00011] time to compute file 00424 =    62.032000 seconds.
 [w00011] begins computation of file 00430
 [w00012] time to compute file 00415 =   150.552000 seconds.
 [w00012] begins computation of file 00431
 [w00003] time to compute file 00419 =   112.128000 seconds.
 [w00003] begins computation of file 00432
 [w00002] time to compute file 00425 =    80.472000 seconds.
 [w00002] begins computation of file 00433
 [w00005] time to compute file 00418 =   120.388000 seconds.
 [w00005] begins computation of file 00434
 [w00006] time to compute file 00426 =    75.924000 seconds.
 [w00006] begins computation of file 00435
 [w00004] time to compute file 00411 =   172.160000 seconds.
 [w00004] begins computation of file 00436
 [w00005] time to compute file 00434 =     8.992000 seconds.
 [w00005] begins computation of file 00437
 [master] number of files done =      426 (74.0 %)
 [w00006] time to compute file 00435 =     6.312000 seconds.
 [w00006] begins computation of file 00438
 [w00004] time to compute file 00436 =     6.540000 seconds.
 [w00004] begins computation of file 00439
 [w00003] time to compute file 00432 =    22.040000 seconds.
 [w00003] begins computation of file 00440
 [w00002] time to compute file 00433 =    20.412000 seconds.
 [w00002] begins computation of file 00441
 [w00007] time to compute file 00417 =   174.884000 seconds.
 [w00007] begins computation of file 00442
 [w00004] time to compute file 00439 =     9.568000 seconds.
 [w00004] begins computation of file 00443
 [w00002] time to compute file 00441 =     5.932000 seconds.
 [w00002] begins computation of file 00444
 [w00003] time to compute file 00440 =     8.528000 seconds.
 [w00003] begins computation of file 00445
 [w00002] time to compute file 00444 =     5.144000 seconds.
 [w00002] begins computation of file 00446
 [w00003] time to compute file 00445 =     5.412000 seconds.
 [w00003] begins computation of file 00447
 [w00012] time to compute file 00431 =    41.292000 seconds.
 [w00012] begins computation of file 00448
 [w00009] time to compute file 00429 =    57.304000 seconds.
 [w00009] begins computation of file 00449
 [w00007] time to compute file 00442 =    12.636000 seconds.
 [w00007] begins computation of file 00450
 [master] number of files done =      438 (76.0 %)
 [w00004] time to compute file 00443 =    11.476000 seconds.
 [w00004] begins computation of file 00451
 [w00010] time to compute file 00427 =   105.984000 seconds.
 [w00010] begins computation of file 00452
 [w00002] time to compute file 00446 =     7.604000 seconds.
 [w00002] begins computation of file 00453
 [w00009] time to compute file 00449 =     7.456000 seconds.
 [w00009] begins computation of file 00454
 [w00003] time to compute file 00447 =     9.204000 seconds.
 [w00003] begins computation of file 00455
 [w00012] time to compute file 00448 =    10.828000 seconds.
 [w00012] begins computation of file 00456
 [w00004] time to compute file 00451 =     6.072000 seconds.
 [w00004] begins computation of file 00457
 [w00005] time to compute file 00437 =    34.660000 seconds.
 [w00005] begins computation of file 00458
 [w00010] time to compute file 00452 =     8.768000 seconds.
 [w00010] begins computation of file 00459
 [w00007] time to compute file 00450 =    22.676000 seconds.
 [w00007] begins computation of file 00460
 [w00010] time to compute file 00459 =    11.440000 seconds.
 [w00010] begins computation of file 00461
 [master] number of files done =      450 (78.1 %)
 [w00005] time to compute file 00458 =    12.748000 seconds.
 [w00005] begins computation of file 00462
 [w00001] time to compute file 00428 =    92.480000 seconds.
 [w00001] begins computation of file 00463
 [w00006] time to compute file 00438 =    61.636000 seconds.
 [w00006] begins computation of file 00464
 [w00011] time to compute file 00430 =   110.528000 seconds.
 [w00011] begins computation of file 00465
 [w00004] time to compute file 00457 =    54.100000 seconds.
 [w00004] begins computation of file 00466
 [w00009] time to compute file 00454 =    58.812000 seconds.
 [w00009] begins computation of file 00467
 [w00001] time to compute file 00463 =    38.864000 seconds.
 [w00001] begins computation of file 00468
 [w00007] time to compute file 00460 =    47.020000 seconds.
 [w00007] begins computation of file 00469
 [w00002] time to compute file 00453 =    64.244000 seconds.
 [w00002] begins computation of file 00470
 [w00003] time to compute file 00455 =    61.760000 seconds.
 [w00003] begins computation of file 00471
 [w00008] time to compute file 00416 =   264.148000 seconds.
 [w00008] begins computation of file 00472
 [w00012] time to compute file 00456 =    70.208000 seconds.
 [w00012] begins computation of file 00473
 [w00005] time to compute file 00462 =    55.072000 seconds.
 [w00005] begins computation of file 00474
 [master] number of files done =      462 (80.2 %)
 [w00004] time to compute file 00466 =    18.876000 seconds.
 [w00004] begins computation of file 00475
 [w00009] time to compute file 00467 =    22.768000 seconds.
 [w00009] begins computation of file 00476
 [w00005] time to compute file 00474 =    10.400000 seconds.
 [w00005] begins computation of file 00477
 [w00004] time to compute file 00475 =     9.648000 seconds.
 [w00004] begins computation of file 00478
 [w00010] time to compute file 00461 =    68.404000 seconds.
 [w00010] begins computation of file 00479
 [w00006] time to compute file 00464 =    56.952000 seconds.
 [w00006] begins computation of file 00480
 [w00008] time to compute file 00472 =    29.732000 seconds.
 [w00008] begins computation of file 00481
 [w00010] time to compute file 00479 =    25.732000 seconds.
 [w00010] begins computation of file 00482
 [w00007] time to compute file 00469 =    46.924000 seconds.
 [w00007] begins computation of file 00483
 [w00003] time to compute file 00471 =    50.724000 seconds.
 [w00003] begins computation of file 00484
 [w00002] time to compute file 00470 =    50.680000 seconds.
 [w00002] begins computation of file 00485
 [master] number of files done =      474 (82.3 %)
 [w00001] time to compute file 00468 =    61.904000 seconds.
 [w00001] begins computation of file 00486
 [w00009] time to compute file 00476 =    45.040000 seconds.
 [w00009] begins computation of file 00487
 [w00012] time to compute file 00473 =    60.920000 seconds.
 [w00012] begins computation of file 00488
 [w00003] time to compute file 00484 =    16.200000 seconds.
 [w00003] begins computation of file 00489
 [w00011] time to compute file 00465 =    90.228000 seconds.
 [w00011] begins computation of file 00490
 [w00004] time to compute file 00478 =    58.108000 seconds.
 [w00004] begins computation of file 00491
 [w00009] time to compute file 00487 =    28.316000 seconds.
 [w00009] begins computation of file 00492
 [w00001] time to compute file 00486 =    36.436000 seconds.
 [w00001] begins computation of file 00493
 [w00006] time to compute file 00480 =    78.904000 seconds.
 [w00006] begins computation of file 00494
 [w00001] time to compute file 00493 =     8.992000 seconds.
 [w00001] begins computation of file 00495
 [w00012] time to compute file 00488 =    37.820000 seconds.
 [w00012] begins computation of file 00496
 [w00006] time to compute file 00494 =     9.448000 seconds.
 [w00006] begins computation of file 00497
 [w00012] time to compute file 00496 =     6.428000 seconds.
 [w00012] begins computation of file 00498
 [master] number of files done =      486 (84.4 %)
 [w00001] time to compute file 00495 =     7.768000 seconds.
 [w00001] begins computation of file 00499
 [w00005] time to compute file 00477 =    99.628000 seconds.
 [w00005] begins computation of file 00500
 [w00001] time to compute file 00499 =     7.072000 seconds.
 [w00001] begins computation of file 00501
 [w00006] time to compute file 00497 =     8.796000 seconds.
 [w00006] begins computation of file 00502
 [w00012] time to compute file 00498 =    10.460000 seconds.
 [w00012] begins computation of file 00503
 [w00008] time to compute file 00481 =   105.580000 seconds.
 [w00008] begins computation of file 00504
 [w00007] time to compute file 00483 =    87.736000 seconds.
 [w00007] begins computation of file 00505
 [w00008] time to compute file 00504 =     9.700000 seconds.
 [w00008] begins computation of file 00506
 [w00002] time to compute file 00485 =    94.128000 seconds.
 [w00002] begins computation of file 00507
 [w00008] time to compute file 00506 =     5.296000 seconds.
 [w00008] begins computation of file 00508
 [w00002] time to compute file 00507 =     7.068000 seconds.
 [w00002] begins computation of file 00509
 [master] number of files done =      498 (86.5 %)
 [w00007] time to compute file 00505 =    16.112000 seconds.
 [w00007] begins computation of file 00510
 [w00007] time to compute file 00510 =     5.648000 seconds.
 [w00007] begins computation of file 00511
 [w00008] time to compute file 00508 =     9.260000 seconds.
 [w00008] begins computation of file 00512
 [w00002] time to compute file 00509 =     8.320000 seconds.
 [w00002] begins computation of file 00513
 [w00007] time to compute file 00511 =     3.256000 seconds.
 [w00007] begins computation of file 00514
 [w00010] time to compute file 00482 =   115.732000 seconds.
 [w00010] begins computation of file 00515
 [w00008] time to compute file 00512 =     5.024000 seconds.
 [w00008] begins computation of file 00516
 [w00002] time to compute file 00513 =     6.620000 seconds.
 [w00002] begins computation of file 00517
 [w00005] time to compute file 00500 =    66.988000 seconds.
 [w00005] begins computation of file 00518
 [w00003] time to compute file 00489 =   138.780000 seconds.
 [w00003] begins computation of file 00519
 [w00001] time to compute file 00501 =   143.232000 seconds.
 [w00001] begins computation of file 00520
 [w00007] time to compute file 00514 =   118.556000 seconds.
 [w00007] begins computation of file 00521
 [master] number of files done =      510 (88.5 %)
 [w00012] time to compute file 00503 =   192.412000 seconds.
 [w00012] begins computation of file 00522
 [w00012] time to compute file 00522 =    13.284000 seconds.
 [w00012] begins computation of file 00523
 [w00012] time to compute file 00523 =     8.416000 seconds.
 [w00012] begins computation of file 00524
 [w00007] time to compute file 00521 =    66.296000 seconds.
 [w00007] begins computation of file 00525
 [w00011] time to compute file 00490 =   279.176000 seconds.
 [w00011] begins computation of file 00526
 [w00012] time to compute file 00524 =    16.608000 seconds.
 [w00012] begins computation of file 00527
 [w00002] time to compute file 00517 =   185.996000 seconds.
 [w00002] begins computation of file 00528
 [w00009] time to compute file 00492 =   274.452000 seconds.
 [w00009] begins computation of file 00529
 [w00001] time to compute file 00520 =   124.364000 seconds.
 [w00001] begins computation of file 00530
 [w00003] time to compute file 00519 =   207.652000 seconds.
 [w00003] begins computation of file 00531
 [w00004] time to compute file 00491 =   346.136000 seconds.
 [w00004] begins computation of file 00532
 [w00002] time to compute file 00528 =    72.188000 seconds.
 [w00002] begins computation of file 00533
 [master] number of files done =      522 (90.6 %)
 [w00006] time to compute file 00502 =   314.288000 seconds.
 [w00006] begins computation of file 00534
 [w00012] time to compute file 00527 =    85.416000 seconds.
 [w00012] begins computation of file 00535
 [w00002] time to compute file 00533 =    11.756000 seconds.
 [w00002] begins computation of file 00536
 [w00006] time to compute file 00534 =     5.236000 seconds.
 [w00006] begins computation of file 00537
 [w00012] time to compute file 00535 =     5.820000 seconds.
 [w00012] begins computation of file 00538
 [w00002] time to compute file 00536 =     7.788000 seconds.
 [w00002] begins computation of file 00539
 [w00005] time to compute file 00518 =   268.820000 seconds.
 [w00005] begins computation of file 00540
 [w00006] time to compute file 00537 =    11.044000 seconds.
 [w00006] begins computation of file 00541
 [w00012] time to compute file 00538 =     9.680000 seconds.
 [w00012] begins computation of file 00542
 [w00011] time to compute file 00526 =   123.484000 seconds.
 [w00011] begins computation of file 00543
 [w00007] time to compute file 00525 =   125.324000 seconds.
 [w00007] begins computation of file 00544
 [w00002] time to compute file 00539 =    25.064000 seconds.
 [w00002] begins computation of file 00545
 [w00011] time to compute file 00543 =     5.136000 seconds.
 [w00011] begins computation of file 00546
 [master] number of files done =      534 (92.7 %)
 [w00012] time to compute file 00542 =    19.408000 seconds.
 [w00012] begins computation of file 00547
 [w00009] time to compute file 00529 =   119.404000 seconds.
 [w00009] begins computation of file 00548
 [w00012] time to compute file 00547 =     5.088000 seconds.
 [w00012] begins computation of file 00549
 [w00002] time to compute file 00545 =     7.632000 seconds.
 [w00002] begins computation of file 00550
 [w00007] time to compute file 00544 =    10.128000 seconds.
 [w00007] begins computation of file 00551
 [w00009] time to compute file 00548 =     7.588000 seconds.
 [w00009] begins computation of file 00552
 [w00011] time to compute file 00546 =    10.588000 seconds.
 [w00011] begins computation of file 00553
 [w00007] time to compute file 00551 =     7.056000 seconds.
 [w00007] begins computation of file 00554
 [w00002] time to compute file 00550 =    10.244000 seconds.
 [w00002] begins computation of file 00555
 [w00009] time to compute file 00552 =     6.772000 seconds.
 [w00009] begins computation of file 00556
 [w00002] time to compute file 00555 =     4.776000 seconds.
 [w00002] begins computation of file 00557
 [master] number of files done =      546 (94.8 %)
 [w00009] time to compute file 00556 =     6.452000 seconds.
 [w00009] begins computation of file 00558
 [w00012] time to compute file 00549 =    21.912000 seconds.
 [w00012] begins computation of file 00559
 [w00002] time to compute file 00557 =     6.220000 seconds.
 [w00002] begins computation of file 00560
 [w00008] time to compute file 00516 =   337.020000 seconds.
 [w00008] begins computation of file 00561
 [w00007] time to compute file 00554 =    20.328000 seconds.
 [w00007] begins computation of file 00562
 [w00005] time to compute file 00540 =    64.556000 seconds.
 [w00005] begins computation of file 00563
 [w00009] time to compute file 00558 =    15.700000 seconds.
 [w00009] begins computation of file 00564
 [w00002] time to compute file 00560 =    13.588000 seconds.
 [w00002] begins computation of file 00565
 [w00007] time to compute file 00562 =     8.836000 seconds.
 [w00007] begins computation of file 00566
 [w00010] time to compute file 00515 =   349.328000 seconds.
 [w00010] begins computation of file 00567
 [w00008] time to compute file 00561 =    11.840000 seconds.
 [w00008] begins computation of file 00568
 [w00005] time to compute file 00563 =     5.456000 seconds.
 [w00005] begins computation of file 00569
 [w00011] time to compute file 00553 =    34.168000 seconds.
 [w00011] begins computation of file 00570
 [master] number of files done =      558 (96.9 %)
 [w00009] time to compute file 00564 =     5.040000 seconds.
 [w00009] begins computation of file 00571
 [w00002] time to compute file 00565 =     4.244000 seconds.
 [w00002] begins computation of file 00572
 [w00007] time to compute file 00566 =     5.392000 seconds.
 [w00007] begins computation of file 00573
 [w00008] time to compute file 00568 =     6.192000 seconds.
 [w00008] begins computation of file 00574
 [w00010] time to compute file 00567 =     7.528000 seconds.
 [w00010] begins computation of file 00575
 [w00012] time to compute file 00559 =    26.004000 seconds.
 [w00012] begins computation of file 00576
 [w00006] time to compute file 00541 =    76.692000 seconds.
 [w00006] exit tagged received
 [w0006] : exit of loop...
 [master] no more files to send to worker     6 then send exit code.
 [w00005] time to compute file 00569 =    20.052000 seconds.
 [w00005] exit tagged received
 [w0005] : exit of loop...
 [master] no more files to send to worker     5 then send exit code.
 [w00001] time to compute file 00530 =   182.404000 seconds.
 [w00001] exit tagged received
 [w0001] : exit of loop...
 [master] no more files to send to worker     1 then send exit code.
 [w00002] time to compute file 00572 =    53.664000 seconds.
 [w00002] exit tagged received
 [w0002] : exit of loop...
 [master] no more files to send to worker     2 then send exit code.
 [w00011] time to compute file 00570 =    57.468000 seconds.
 [w00011] exit tagged received
 [w0011] : exit of loop...
 [master] no more files to send to worker    11 then send exit code.
 [w00009] time to compute file 00571 =    72.340000 seconds.
 [w00009] exit tagged received
 [w0009] : exit of loop...
 [master] no more files to send to worker     9 then send exit code.
 [master] number of files done =      570 (99.0 %)
 [w00008] time to compute file 00574 =    73.696000 seconds.
 [w00008] exit tagged received
 [w0008] : exit of loop...
 [master] no more files to send to worker     8 then send exit code.
 [w00007] time to compute file 00573 =    84.324000 seconds.
 [w00007] exit tagged received
 [w0007] : exit of loop...
 [master] no more files to send to worker     7 then send exit code.
 [w00010] time to compute file 00575 =   102.832000 seconds.
 [w00010] exit tagged received
 [w0010] : exit of loop...
 [master] no more files to send to worker    10 then send exit code.
 [w00004] time to compute file 00532 =   254.152000 seconds.
 [w00004] exit tagged received
 [w0004] : exit of loop...
 [master] no more files to send to worker     4 then send exit code.
 [w00003] time to compute file 00531 =   343.852000 seconds.
 [w00003] exit tagged received
 [w0003] : exit of loop...
 [master] no more files to send to worker     3 then send exit code.
 [w00012] time to compute file 00576 =   320.456000 seconds.
 [w00012] exit tagged received
 [w0012] : exit of loop...
 [master] no more files to send to worker    12 then send exit code.
 [master] end
  
 --> work done, MPI finalized
 --> Time =     1920.692 seconds.
  
